[{"line":2,"elements":[{"start_timestamp":"2022-06-23T17:03:33.916Z","line":5,"name":"","description":"","id":"addwishlistcart-|-add-different-products-to-wishlist;","type":"scenario","keyword":"Scenario","steps":[{"result":{"status":"undefined"},"line":6,"name":"add different products to Wishlist cart","match":{},"keyword":"Given "},{"result":{"status":"skipped"},"line":7,"name":"user add First products to Wishlist cart","match":{},"keyword":"When "},{"result":{"status":"skipped"},"line":8,"name":"user add Second products to Wishlist cart","match":{},"keyword":"And "},{"result":{"status":"skipped"},"line":9,"name":"Wishlist cart now have two product","match":{},"keyword":"Then "}],"tags":[{"name":"@TEST"}]}],"name":"AddWishlistcart | add different products to Wishlist","description":"","id":"addwishlistcart-|-add-different-products-to-wishlist","keyword":"Feature","uri":"file:src/main/resources/features/AddWishlistcart.feature","tags":[{"name":"@TEST","type":"Tag","location":{"line":1,"column":1}}]},{"line":2,"elements":[{"start_timestamp":"2022-06-23T17:03:34.019Z","line":5,"name":"user could login with valid email and password","description":"","id":"login-|-users-could-use-login-functionality-to-open-their-accounts;user-could-login-with-valid-email-and-password","type":"scenario","keyword":"Scenario","steps":[{"result":{"duration":838000000,"status":"passed"},"line":6,"name":"user go to login page","match":{"location":"stepDefinitions.loginStepTest.go_to_login_page()"},"keyword":"Given "},{"result":{"duration":1362000000,"status":"passed"},"line":7,"name":"user login with valid email and password","match":{"location":"stepDefinitions.loginStepTest.valid_username_password()"},"keyword":"When "},{"result":{"duration":1186000000,"status":"passed"},"line":8,"name":"successfully4","match":{"location":"stepDefinitions.loginStepTest.success_login()"},"keyword":"Then "}],"tags":[{"name":"@TEST"}]}],"name":"Login | users could use login functionality to open their accounts","description":"","id":"login-|-users-could-use-login-functionality-to-open-their-accounts","keyword":"Feature","uri":"file:src/main/resources/features/Login.feature","tags":[{"name":"@TEST","type":"Tag","location":{"line":1,"column":1}}]},{"line":2,"elements":[{"start_timestamp":"2022-06-23T17:03:37.443Z","line":4,"name":"user could register with valid fristname and lastname and email and password and confirmPassword","description":"","id":"register-|-users-could-use-register-functionality-to-open-new-accounts;user-could-register-with-valid-fristname-and-lastname-and-email-and-password-and-confirmpassword","type":"scenario","keyword":"Scenario","steps":[{"result":{"duration":889000000,"status":"passed"},"line":5,"name":"user go to register page","match":{"location":"stepDefinitions.registerTest.user_go_to_register_page()"},"keyword":"Given "},{"result":{"duration":609000000,"status":"passed"},"line":6,"name":"user lregister with valid fristname and lastname and email and password and confirmPassword","match":{"location":"stepDefinitions.registerTest.user_lregister_with_valid_fristname_and_lastname_and_email_and_password_and_confirm_password()"},"keyword":"When "},{"result":{"duration":758000000,"status":"passed"},"line":7,"name":"user press on register button","match":{"location":"stepDefinitions.registerTest.user_press_on_register_button()"},"keyword":"And "},{"result":{"error_message":"org.openqa.selenium.NoSuchElementException: no such element: Unable to locate element: {\"method\":\"css selector\",\"selector\":\".result\"}\n  (Session info: chrome=102.0.5005.115)\nFor documentation on this error, please visit: https://selenium.dev/exceptions/#no_such_element\nBuild info: version: '4.2.0', revision: '86eb611648'\nSystem info: host: 'NARDEEN', ip: '192.168.1.2', os.name: 'Windows 10', os.arch: 'amd64', os.version: '10.0', java.version: '1.8.0_331'\nDriver info: org.openqa.selenium.chrome.ChromeDriver\nCommand: [6fb27cc7b43db92a179e1bca09888f7d, findElement {using=class name, value=result}]\nCapabilities {acceptInsecureCerts: false, browserName: chrome, browserVersion: 102.0.5005.115, chrome: {chromedriverVersion: 102.0.5005.61 (0e59bcc00cc4..., userDataDir: C:\\Users\\EES\\AppData\\Local\\...}, goog:chromeOptions: {debuggerAddress: localhost:56926}, javascriptEnabled: true, networkConnectionEnabled: false, pageLoadStrategy: normal, platform: WINDOWS, platformName: WINDOWS, proxy: Proxy(), se:cdp: ws://localhost:56926/devtoo..., se:cdpVersion: 102.0.5005.115, setWindowRect: true, strictFileInteractability: false, timeouts: {implicit: 0, pageLoad: 300000, script: 30000}, unhandledPromptBehavior: dismiss and notify, webauthn:extension:credBlob: true, webauthn:extension:largeBlob: true, webauthn:virtualAuthenticators: true}\nSession ID: 6fb27cc7b43db92a179e1bca09888f7d\r\n\tat sun.reflect.NativeConstructorAccessorImpl.newInstance0(Native Method)\r\n\tat sun.reflect.NativeConstructorAccessorImpl.newInstance(NativeConstructorAccessorImpl.java:62)\r\n\tat sun.reflect.DelegatingConstructorAccessorImpl.newInstance(DelegatingConstructorAccessorImpl.java:45)\r\n\tat java.lang.reflect.Constructor.newInstance(Constructor.java:423)\r\n\tat org.openqa.selenium.remote.codec.w3c.W3CHttpResponseCodec.createException(W3CHttpResponseCodec.java:200)\r\n\tat org.openqa.selenium.remote.codec.w3c.W3CHttpResponseCodec.decode(W3CHttpResponseCodec.java:133)\r\n\tat org.openqa.selenium.remote.codec.w3c.W3CHttpResponseCodec.decode(W3CHttpResponseCodec.java:53)\r\n\tat org.openqa.selenium.remote.HttpCommandExecutor.execute(HttpCommandExecutor.java:184)\r\n\tat org.openqa.selenium.remote.service.DriverCommandExecutor.invokeExecute(DriverCommandExecutor.java:167)\r\n\tat org.openqa.selenium.remote.service.DriverCommandExecutor.execute(DriverCommandExecutor.java:142)\r\n\tat org.openqa.selenium.remote.RemoteWebDriver.execute(RemoteWebDriver.java:566)\r\n\tat org.openqa.selenium.remote.ElementLocation$ElementFinder$2.findElement(ElementLocation.java:162)\r\n\tat org.openqa.selenium.remote.ElementLocation.findElement(ElementLocation.java:66)\r\n\tat org.openqa.selenium.remote.RemoteWebDriver.findElement(RemoteWebDriver.java:384)\r\n\tat org.openqa.selenium.remote.RemoteWebDriver.findElement(RemoteWebDriver.java:376)\r\n\tat Company.RegisterPage.getRegister(RegisterPage.java:25)\r\n\tat stepDefinitions.registerTest.user_register_to_the_system_successfully(registerTest.java:33)\r\n\tat ✽.user register to the system successfully(file:///C:/Users/EES/Downloads/jdnd-ecommerce-app-master/untitled/src/main/resources/features/Register.feature:8)\r\n","duration":20041000000,"status":"failed"},"line":8,"name":"user register to the system successfully","match":{"location":"stepDefinitions.registerTest.user_register_to_the_system_successfully()"},"keyword":"Then "},{"result":{"status":"skipped"},"line":9,"name":"user logout to login page","match":{"location":"stepDefinitions.registerTest.user_logout_to_login_page()"},"keyword":"And "}],"tags":[{"name":"@TEST"}]}],"name":"Register | users could use register functionality to open new accounts","description":"","id":"register-|-users-could-use-register-functionality-to-open-new-accounts","keyword":"Feature","uri":"file:src/main/resources/features/Register.feature","tags":[{"name":"@TEST","type":"Tag","location":{"line":1,"column":1}}]},{"line":2,"elements":[{"start_timestamp":"2022-06-23T17:03:59.808Z","line":4,"name":"users could use Rest password with vaild email","description":"","id":"restpassword-|-users-could-use-rest-password-functionality;users-could-use-rest-password-with-vaild-email","type":"scenario","keyword":"Scenario","steps":[{"result":{"duration":2038000000,"status":"passed"},"line":5,"name":"user go to Rest page","match":{"location":"stepDefinitions.RestPasswordStepDefinitions.user_go_to_rest_page()"},"keyword":"Given "},{"result":{"duration":139000000,"status":"passed"},"line":6,"name":"user rest with valid email","match":{"location":"stepDefinitions.RestPasswordStepDefinitions.user_rest_with_valid_email()"},"keyword":"When "},{"result":{"duration":776000000,"status":"passed"},"line":7,"name":"user press on Recover button","match":{"location":"stepDefinitions.RestPasswordStepDefinitions.user_press_on_recover_button()"},"keyword":"And "},{"result":{"duration":3078000000,"status":"passed"},"line":8,"name":"user rest password successfully","match":{"location":"stepDefinitions.RestPasswordStepDefinitions.user_rest_password_successfully()"},"keyword":"Then "}],"tags":[{"name":"@TEST"}]}],"name":"RestPassword | users could use Rest password functionality","description":"","id":"restpassword-|-users-could-use-rest-password-functionality","keyword":"Feature","uri":"file:src/main/resources/features/RestPassword.feature","tags":[{"name":"@TEST","type":"Tag","location":{"line":1,"column":1}}]},{"line":2,"elements":[{"start_timestamp":"2022-06-23T17:04:05.884Z","line":4,"name":"user could login with valid email and password","description":"","id":"search-|-users-will-be-able-to-search-for-products-with-different-parameters;user-could-login-with-valid-email-and-password","type":"scenario","keyword":"Scenario","steps":[{"result":{"duration":1359000000,"status":"passed"},"line":5,"name":"user go to login page before sreach","match":{"location":"stepDefinitions.loginBeforeSearchTest.go_to_login_page1()"},"keyword":"Given "},{"result":{"duration":1557000000,"status":"passed"},"line":6,"name":"user login  before search with valid email and password","match":{"location":"stepDefinitions.loginBeforeSearchTest.valid_username_password()"},"keyword":"When "},{"result":{"duration":44000000,"status":"passed"},"line":7,"name":"successfully3","match":{"location":"stepDefinitions.loginBeforeSearchTest.success_login1()"},"keyword":"Then "}],"tags":[{"name":"@TEST"}]},{"start_timestamp":"2022-06-23T17:04:08.867Z","line":9,"name":"user could search for product using fullname","description":"","id":"search-|-users-will-be-able-to-search-for-products-with-different-parameters;user-could-search-for-product-using-fullname","type":"scenario","keyword":"Scenario","steps":[{"result":{"error_message":"org.openqa.selenium.NoSuchElementException: no such element: Unable to locate element: {\"method\":\"xpath\",\"selector\":\"small-searchterms\"}\n  (Session info: chrome=102.0.5005.115)\nFor documentation on this error, please visit: https://selenium.dev/exceptions/#no_such_element\nBuild info: version: '4.2.0', revision: '86eb611648'\nSystem info: host: 'NARDEEN', ip: '192.168.1.2', os.name: 'Windows 10', os.arch: 'amd64', os.version: '10.0', java.version: '1.8.0_331'\nDriver info: org.openqa.selenium.chrome.ChromeDriver\nCommand: [6fb27cc7b43db92a179e1bca09888f7d, findElement {using=xpath, value=small-searchterms}]\nCapabilities {acceptInsecureCerts: false, browserName: chrome, browserVersion: 102.0.5005.115, chrome: {chromedriverVersion: 102.0.5005.61 (0e59bcc00cc4..., userDataDir: C:\\Users\\EES\\AppData\\Local\\...}, goog:chromeOptions: {debuggerAddress: localhost:56926}, javascriptEnabled: true, networkConnectionEnabled: false, pageLoadStrategy: normal, platform: WINDOWS, platformName: WINDOWS, proxy: Proxy(), se:cdp: ws://localhost:56926/devtoo..., se:cdpVersion: 102.0.5005.115, setWindowRect: true, strictFileInteractability: false, timeouts: {implicit: 0, pageLoad: 300000, script: 30000}, unhandledPromptBehavior: dismiss and notify, webauthn:extension:credBlob: true, webauthn:extension:largeBlob: true, webauthn:virtualAuthenticators: true}\nSession ID: 6fb27cc7b43db92a179e1bca09888f7d\r\n\tat sun.reflect.NativeConstructorAccessorImpl.newInstance0(Native Method)\r\n\tat sun.reflect.NativeConstructorAccessorImpl.newInstance(NativeConstructorAccessorImpl.java:62)\r\n\tat sun.reflect.DelegatingConstructorAccessorImpl.newInstance(DelegatingConstructorAccessorImpl.java:45)\r\n\tat java.lang.reflect.Constructor.newInstance(Constructor.java:423)\r\n\tat org.openqa.selenium.remote.codec.w3c.W3CHttpResponseCodec.createException(W3CHttpResponseCodec.java:200)\r\n\tat org.openqa.selenium.remote.codec.w3c.W3CHttpResponseCodec.decode(W3CHttpResponseCodec.java:133)\r\n\tat org.openqa.selenium.remote.codec.w3c.W3CHttpResponseCodec.decode(W3CHttpResponseCodec.java:53)\r\n\tat org.openqa.selenium.remote.HttpCommandExecutor.execute(HttpCommandExecutor.java:184)\r\n\tat org.openqa.selenium.remote.service.DriverCommandExecutor.invokeExecute(DriverCommandExecutor.java:167)\r\n\tat org.openqa.selenium.remote.service.DriverCommandExecutor.execute(DriverCommandExecutor.java:142)\r\n\tat org.openqa.selenium.remote.RemoteWebDriver.execute(RemoteWebDriver.java:566)\r\n\tat org.openqa.selenium.remote.ElementLocation$ElementFinder$2.findElement(ElementLocation.java:162)\r\n\tat org.openqa.selenium.remote.ElementLocation.findElement(ElementLocation.java:60)\r\n\tat org.openqa.selenium.remote.RemoteWebDriver.findElement(RemoteWebDriver.java:384)\r\n\tat org.openqa.selenium.remote.RemoteWebDriver.findElement(RemoteWebDriver.java:376)\r\n\tat Company.SearchPage.Search(SearchPage.java:12)\r\n\tat stepDefinitions.searchTest.user_clicks_on_search_field(searchTest.java:16)\r\n\tat ✽.user clicks on search field(file:///C:/Users/EES/Downloads/jdnd-ecommerce-app-master/untitled/src/main/resources/features/Search.feature:10)\r\n","duration":20073000000,"status":"failed"},"line":10,"name":"user clicks on search field","match":{"location":"stepDefinitions.searchTest.user_clicks_on_search_field()"},"keyword":"Given "},{"result":{"status":"skipped"},"line":11,"name":"user search with name of product","match":{"location":"stepDefinitions.searchTest.user_search_with_name_of_product()"},"keyword":"When "},{"result":{"status":"skipped"},"line":12,"name":"user could find relative results","match":{"location":"stepDefinitions.searchTest.user_could_find_relative_results()"},"keyword":"Then "}],"tags":[{"name":"@TEST"}]}],"name":"Search | users will be able to search for products with different parameters","description":"","id":"search-|-users-will-be-able-to-search-for-products-with-different-parameters","keyword":"Feature","uri":"file:src/main/resources/features/Search.feature","tags":[{"name":"@TEST","type":"Tag","location":{"line":1,"column":1}}]},{"line":2,"elements":[{"start_timestamp":"2022-06-23T17:04:29.012Z","line":4,"name":"","description":"","id":"addshoppingcart-|--logged-user-could-add-different-products-to-shopping-cart;","type":"scenario","keyword":"Scenario","steps":[{"result":{"duration":18000000,"status":"passed"},"line":5,"name":"different products to Shopping cart","match":{"location":"stepDefinitions.ShppoingCartStepTest.logged_user_could_add_different_products_to_shopping_cart()"},"keyword":"Given "},{"result":{"error_message":"org.openqa.selenium.InvalidSelectorException: invalid selector: An invalid or illegal selector was specified\n  (Session info: chrome=102.0.5005.115)\nFor documentation on this error, please visit: https://selenium.dev/exceptions/#invalid_selector_exception\nBuild info: version: '4.2.0', revision: '86eb611648'\nSystem info: host: 'NARDEEN', ip: '192.168.1.2', os.name: 'Windows 10', os.arch: 'amd64', os.version: '10.0', java.version: '1.8.0_331'\nDriver info: org.openqa.selenium.chrome.ChromeDriver\nCommand: [6fb27cc7b43db92a179e1bca09888f7d, findElement {using=css selector, value=\"a[href=\\\"/books\\\"]\"}]\nCapabilities {acceptInsecureCerts: false, browserName: chrome, browserVersion: 102.0.5005.115, chrome: {chromedriverVersion: 102.0.5005.61 (0e59bcc00cc4..., userDataDir: C:\\Users\\EES\\AppData\\Local\\...}, goog:chromeOptions: {debuggerAddress: localhost:56926}, javascriptEnabled: true, networkConnectionEnabled: false, pageLoadStrategy: normal, platform: WINDOWS, platformName: WINDOWS, proxy: Proxy(), se:cdp: ws://localhost:56926/devtoo..., se:cdpVersion: 102.0.5005.115, setWindowRect: true, strictFileInteractability: false, timeouts: {implicit: 0, pageLoad: 300000, script: 30000}, unhandledPromptBehavior: dismiss and notify, webauthn:extension:credBlob: true, webauthn:extension:largeBlob: true, webauthn:virtualAuthenticators: true}\nSession ID: 6fb27cc7b43db92a179e1bca09888f7d\r\n\tat sun.reflect.NativeConstructorAccessorImpl.newInstance0(Native Method)\r\n\tat sun.reflect.NativeConstructorAccessorImpl.newInstance(NativeConstructorAccessorImpl.java:62)\r\n\tat sun.reflect.DelegatingConstructorAccessorImpl.newInstance(DelegatingConstructorAccessorImpl.java:45)\r\n\tat java.lang.reflect.Constructor.newInstance(Constructor.java:423)\r\n\tat org.openqa.selenium.remote.codec.w3c.W3CHttpResponseCodec.createException(W3CHttpResponseCodec.java:200)\r\n\tat org.openqa.selenium.remote.codec.w3c.W3CHttpResponseCodec.decode(W3CHttpResponseCodec.java:133)\r\n\tat org.openqa.selenium.remote.codec.w3c.W3CHttpResponseCodec.decode(W3CHttpResponseCodec.java:53)\r\n\tat org.openqa.selenium.remote.HttpCommandExecutor.execute(HttpCommandExecutor.java:184)\r\n\tat org.openqa.selenium.remote.service.DriverCommandExecutor.invokeExecute(DriverCommandExecutor.java:167)\r\n\tat org.openqa.selenium.remote.service.DriverCommandExecutor.execute(DriverCommandExecutor.java:142)\r\n\tat org.openqa.selenium.remote.RemoteWebDriver.execute(RemoteWebDriver.java:566)\r\n\tat org.openqa.selenium.remote.ElementLocation$ElementFinder$2.findElement(ElementLocation.java:162)\r\n\tat org.openqa.selenium.remote.ElementLocation.findElement(ElementLocation.java:60)\r\n\tat org.openqa.selenium.remote.RemoteWebDriver.findElement(RemoteWebDriver.java:384)\r\n\tat org.openqa.selenium.remote.RemoteWebDriver.findElement(RemoteWebDriver.java:376)\r\n\tat Company.Categories.selectCategoryBook(Categories.java:21)\r\n\tat Company.ShoppingCart.addFirstProductToShoppingCart(ShoppingCart.java:14)\r\n\tat stepDefinitions.ShppoingCartStepTest.user_add_frist_products_to_shopping_cart(ShppoingCartStepTest.java:18)\r\n\tat ✽.First products to Shopping cart(file:///C:/Users/EES/Downloads/jdnd-ecommerce-app-master/untitled/src/main/resources/features/Shoppingcart.feature:6)\r\n","duration":35000000,"status":"failed"},"line":6,"name":"First products to Shopping cart","match":{"location":"stepDefinitions.ShppoingCartStepTest.user_add_frist_products_to_shopping_cart()"},"keyword":"When "},{"result":{"status":"skipped"},"line":7,"name":"shopping cart have First product","match":{"location":"stepDefinitions.ShppoingCartStepTest.assert_shopping_cart_have_two_product2()"},"keyword":"And "},{"result":{"status":"skipped"},"line":8,"name":"second products to Shopping cart","match":{"location":"stepDefinitions.ShppoingCartStepTest.user_add_scoend_products_to_shopping_cart()"},"keyword":"Then "},{"result":{"status":"skipped"},"line":9,"name":"shopping cart have Second product","match":{"location":"stepDefinitions.ShppoingCartStepTest.assert_shopping_cart_have_two_product()"},"keyword":"And "}],"tags":[{"name":"@TEST"}]}],"name":"AddShoppingcart |  Logged user could add different products to Shopping cart","description":"","id":"addshoppingcart-|--logged-user-could-add-different-products-to-shopping-cart","keyword":"Feature","uri":"file:src/main/resources/features/Shoppingcart.feature","tags":[{"name":"@TEST","type":"Tag","location":{"line":1,"column":1}}]},{"line":2,"elements":[{"start_timestamp":"2022-06-23T17:04:29.111Z","line":4,"name":"user could filter with color","description":"","id":"colorfeature-|-filter-with-color;user-could-filter-with-color","type":"scenario","keyword":"Scenario","steps":[{"result":{"duration":1000000,"status":"passed"},"line":5,"name":"home page to Filter","match":{"location":"stepDefinitions.FilterColorTest.logged_user_in_home_page_to_filter()"},"keyword":"Given "},{"result":{"duration":11830000000,"status":"passed"},"line":6,"name":"determined to Categories like Apparel > Shoes","match":{"location":"stepDefinitions.FilterColorTest.user_detierment_to_categories_like_apparel_shoes()"},"keyword":"When "},{"result":{"duration":179000000,"status":"passed"},"line":7,"name":"Filter with blue color","match":{"location":"stepDefinitions.FilterColorTest.filter_with_blue_color()"},"keyword":"And "},{"result":{"status":"passed"},"line":8,"name":"successfully7","match":{"location":"stepDefinitions.FilterColorTest.filtertion_successfully()"},"keyword":"Then "}],"tags":[{"name":"@TEST"}]}],"name":"colorfeature | filter with color","description":"","id":"colorfeature-|-filter-with-color","keyword":"Feature","uri":"file:src/main/resources/features/colorfeature.feature","tags":[{"name":"@TEST","type":"Tag","location":{"line":1,"column":1}}]},{"line":2,"elements":[{"start_timestamp":"2022-06-23T17:04:41.153Z","line":5,"name":"could add different products to compare list","description":"","id":"comparecart-|-add-different-products-to-compare-list;could-add-different-products-to-compare-list","type":"scenario","keyword":"Scenario","steps":[{"result":{"duration":2000000,"status":"passed"},"line":6,"name":"different products to compare cart","match":{"location":"stepDefinitions.compareCartTest.logged_user_could_add_different_products_to_compare_cart()"},"keyword":"Given "},{"result":{"error_message":"org.openqa.selenium.InvalidSelectorException: invalid selector: An invalid or illegal selector was specified\n  (Session info: chrome=102.0.5005.115)\nFor documentation on this error, please visit: https://selenium.dev/exceptions/#invalid_selector_exception\nBuild info: version: '4.2.0', revision: '86eb611648'\nSystem info: host: 'NARDEEN', ip: '192.168.1.2', os.name: 'Windows 10', os.arch: 'amd64', os.version: '10.0', java.version: '1.8.0_331'\nDriver info: org.openqa.selenium.chrome.ChromeDriver\nCommand: [6fb27cc7b43db92a179e1bca09888f7d, findElement {using=css selector, value=\"a[href=\\\"/books\\\"]\"}]\nCapabilities {acceptInsecureCerts: false, browserName: chrome, browserVersion: 102.0.5005.115, chrome: {chromedriverVersion: 102.0.5005.61 (0e59bcc00cc4..., userDataDir: C:\\Users\\EES\\AppData\\Local\\...}, goog:chromeOptions: {debuggerAddress: localhost:56926}, javascriptEnabled: true, networkConnectionEnabled: false, pageLoadStrategy: normal, platform: WINDOWS, platformName: WINDOWS, proxy: Proxy(), se:cdp: ws://localhost:56926/devtoo..., se:cdpVersion: 102.0.5005.115, setWindowRect: true, strictFileInteractability: false, timeouts: {implicit: 0, pageLoad: 300000, script: 30000}, unhandledPromptBehavior: dismiss and notify, webauthn:extension:credBlob: true, webauthn:extension:largeBlob: true, webauthn:virtualAuthenticators: true}\nSession ID: 6fb27cc7b43db92a179e1bca09888f7d\r\n\tat sun.reflect.NativeConstructorAccessorImpl.newInstance0(Native Method)\r\n\tat sun.reflect.NativeConstructorAccessorImpl.newInstance(NativeConstructorAccessorImpl.java:62)\r\n\tat sun.reflect.DelegatingConstructorAccessorImpl.newInstance(DelegatingConstructorAccessorImpl.java:45)\r\n\tat java.lang.reflect.Constructor.newInstance(Constructor.java:423)\r\n\tat org.openqa.selenium.remote.codec.w3c.W3CHttpResponseCodec.createException(W3CHttpResponseCodec.java:200)\r\n\tat org.openqa.selenium.remote.codec.w3c.W3CHttpResponseCodec.decode(W3CHttpResponseCodec.java:133)\r\n\tat org.openqa.selenium.remote.codec.w3c.W3CHttpResponseCodec.decode(W3CHttpResponseCodec.java:53)\r\n\tat org.openqa.selenium.remote.HttpCommandExecutor.execute(HttpCommandExecutor.java:184)\r\n\tat org.openqa.selenium.remote.service.DriverCommandExecutor.invokeExecute(DriverCommandExecutor.java:167)\r\n\tat org.openqa.selenium.remote.service.DriverCommandExecutor.execute(DriverCommandExecutor.java:142)\r\n\tat org.openqa.selenium.remote.RemoteWebDriver.execute(RemoteWebDriver.java:566)\r\n\tat org.openqa.selenium.remote.ElementLocation$ElementFinder$2.findElement(ElementLocation.java:162)\r\n\tat org.openqa.selenium.remote.ElementLocation.findElement(ElementLocation.java:60)\r\n\tat org.openqa.selenium.remote.RemoteWebDriver.findElement(RemoteWebDriver.java:384)\r\n\tat org.openqa.selenium.remote.RemoteWebDriver.findElement(RemoteWebDriver.java:376)\r\n\tat Company.Categories.selectCategoryBook(Categories.java:21)\r\n\tat Company.CompareListCart.addFirstProductToCompareListCart(CompareListCart.java:14)\r\n\tat stepDefinitions.compareCartTest.user_add_frist_products_to_compare_cart(compareCartTest.java:17)\r\n\tat ✽.Frist products to compare cart(file:///C:/Users/EES/Downloads/jdnd-ecommerce-app-master/untitled/src/main/resources/features/comparecart.feature:7)\r\n","duration":12000000,"status":"failed"},"line":7,"name":"Frist products to compare cart","match":{"location":"stepDefinitions.compareCartTest.user_add_frist_products_to_compare_cart()"},"keyword":"When "},{"result":{"status":"skipped"},"line":8,"name":"And Second products to compare cart","match":{"location":"stepDefinitions.compareCartTest.user_add_scoend_products_to_compare_cart()"},"keyword":"And "},{"result":{"status":"skipped"},"line":9,"name":"compare cart have two product","match":{"location":"stepDefinitions.compareCartTest.assert_compare_cart_have_two_product()"},"keyword":"Then "}],"tags":[{"name":"@TEST"}]}],"name":"comparecart | add different products to compare list","description":"","id":"comparecart-|-add-different-products-to-compare-list","keyword":"Feature","uri":"file:src/main/resources/features/comparecart.feature","tags":[{"name":"@TEST","type":"Tag","location":{"line":1,"column":1}}]},{"line":2,"elements":[{"start_timestamp":"2022-06-23T17:04:41.182Z","line":4,"name":"select different Categories","description":"","id":"to-select-different-categories-|--user-select-different-categories;select-different-categories","type":"scenario","keyword":"Scenario","steps":[{"result":{"status":"passed"},"line":5,"name":"home page","match":{"location":"stepDefinitions.CategoriesTest.logged_user_in_home_page()"},"keyword":"Given "},{"result":{"error_message":"org.openqa.selenium.InvalidSelectorException: invalid selector: An invalid or illegal selector was specified\n  (Session info: chrome=102.0.5005.115)\nFor documentation on this error, please visit: https://selenium.dev/exceptions/#invalid_selector_exception\nBuild info: version: '4.2.0', revision: '86eb611648'\nSystem info: host: 'NARDEEN', ip: '192.168.1.2', os.name: 'Windows 10', os.arch: 'amd64', os.version: '10.0', java.version: '1.8.0_331'\nDriver info: org.openqa.selenium.chrome.ChromeDriver\nCommand: [6fb27cc7b43db92a179e1bca09888f7d, findElement {using=css selector, value=\"a[href=\\\"/electronics\\\"]\"}]\nCapabilities {acceptInsecureCerts: false, browserName: chrome, browserVersion: 102.0.5005.115, chrome: {chromedriverVersion: 102.0.5005.61 (0e59bcc00cc4..., userDataDir: C:\\Users\\EES\\AppData\\Local\\...}, goog:chromeOptions: {debuggerAddress: localhost:56926}, javascriptEnabled: true, networkConnectionEnabled: false, pageLoadStrategy: normal, platform: WINDOWS, platformName: WINDOWS, proxy: Proxy(), se:cdp: ws://localhost:56926/devtoo..., se:cdpVersion: 102.0.5005.115, setWindowRect: true, strictFileInteractability: false, timeouts: {implicit: 0, pageLoad: 300000, script: 30000}, unhandledPromptBehavior: dismiss and notify, webauthn:extension:credBlob: true, webauthn:extension:largeBlob: true, webauthn:virtualAuthenticators: true}\nSession ID: 6fb27cc7b43db92a179e1bca09888f7d\r\n\tat sun.reflect.NativeConstructorAccessorImpl.newInstance0(Native Method)\r\n\tat sun.reflect.NativeConstructorAccessorImpl.newInstance(NativeConstructorAccessorImpl.java:62)\r\n\tat sun.reflect.DelegatingConstructorAccessorImpl.newInstance(DelegatingConstructorAccessorImpl.java:45)\r\n\tat java.lang.reflect.Constructor.newInstance(Constructor.java:423)\r\n\tat org.openqa.selenium.remote.codec.w3c.W3CHttpResponseCodec.createException(W3CHttpResponseCodec.java:200)\r\n\tat org.openqa.selenium.remote.codec.w3c.W3CHttpResponseCodec.decode(W3CHttpResponseCodec.java:133)\r\n\tat org.openqa.selenium.remote.codec.w3c.W3CHttpResponseCodec.decode(W3CHttpResponseCodec.java:53)\r\n\tat org.openqa.selenium.remote.HttpCommandExecutor.execute(HttpCommandExecutor.java:184)\r\n\tat org.openqa.selenium.remote.service.DriverCommandExecutor.invokeExecute(DriverCommandExecutor.java:167)\r\n\tat org.openqa.selenium.remote.service.DriverCommandExecutor.execute(DriverCommandExecutor.java:142)\r\n\tat org.openqa.selenium.remote.RemoteWebDriver.execute(RemoteWebDriver.java:566)\r\n\tat org.openqa.selenium.remote.ElementLocation$ElementFinder$2.findElement(ElementLocation.java:162)\r\n\tat org.openqa.selenium.remote.ElementLocation.findElement(ElementLocation.java:60)\r\n\tat org.openqa.selenium.remote.RemoteWebDriver.findElement(RemoteWebDriver.java:384)\r\n\tat org.openqa.selenium.remote.RemoteWebDriver.findElement(RemoteWebDriver.java:376)\r\n\tat Company.Categories.selectSubCategory(Categories.java:17)\r\n\tat stepDefinitions.CategoriesTest.user_detierment_to_categories_and_hover_to_sub_categories(CategoriesTest.java:17)\r\n\tat ✽.determine to Categories and Hover to sub_Categories(file:///C:/Users/EES/Downloads/jdnd-ecommerce-app-master/untitled/src/main/resources/features/different_Categories.feature:6)\r\n","duration":34000000,"status":"failed"},"line":6,"name":"determine to Categories and Hover to sub_Categories","match":{"location":"stepDefinitions.CategoriesTest.user_detierment_to_categories_and_hover_to_sub_categories()"},"keyword":"When "},{"result":{"status":"skipped"},"line":7,"name":"1successfully","match":{"location":"stepDefinitions.CategoriesTest.click_on_sub_categories_successfully()"},"keyword":"Then "}],"tags":[{"name":"@TEST"}]}],"name":"to select different Categories |  user select different Categories","description":"","id":"to-select-different-categories-|--user-select-different-categories","keyword":"Feature","uri":"file:src/main/resources/features/different_Categories.feature","tags":[{"name":"@TEST","type":"Tag","location":{"line":1,"column":1}}]},{"line":2,"elements":[{"start_timestamp":"2022-06-23T17:04:41.233Z","line":5,"name":"User Can Create Sucessfull Order","description":"","id":"successfulorder-|-create-successful-order;user-can-create-sucessfull-order","type":"scenario","keyword":"Scenario","steps":[{"result":{"error_message":"org.openqa.selenium.NoSuchElementException: no such element: Unable to locate element: {\"method\":\"css selector\",\"selector\":\"#termsofservice\"}\n  (Session info: chrome=102.0.5005.115)\nFor documentation on this error, please visit: https://selenium.dev/exceptions/#no_such_element\nBuild info: version: '4.2.0', revision: '86eb611648'\nSystem info: host: 'NARDEEN', ip: '192.168.1.2', os.name: 'Windows 10', os.arch: 'amd64', os.version: '10.0', java.version: '1.8.0_331'\nDriver info: org.openqa.selenium.chrome.ChromeDriver\nCommand: [6fb27cc7b43db92a179e1bca09888f7d, findElement {using=id, value=termsofservice}]\nCapabilities {acceptInsecureCerts: false, browserName: chrome, browserVersion: 102.0.5005.115, chrome: {chromedriverVersion: 102.0.5005.61 (0e59bcc00cc4..., userDataDir: C:\\Users\\EES\\AppData\\Local\\...}, goog:chromeOptions: {debuggerAddress: localhost:56926}, javascriptEnabled: true, networkConnectionEnabled: false, pageLoadStrategy: normal, platform: WINDOWS, platformName: WINDOWS, proxy: Proxy(), se:cdp: ws://localhost:56926/devtoo..., se:cdpVersion: 102.0.5005.115, setWindowRect: true, strictFileInteractability: false, timeouts: {implicit: 0, pageLoad: 300000, script: 30000}, unhandledPromptBehavior: dismiss and notify, webauthn:extension:credBlob: true, webauthn:extension:largeBlob: true, webauthn:virtualAuthenticators: true}\nSession ID: 6fb27cc7b43db92a179e1bca09888f7d\r\n\tat sun.reflect.NativeConstructorAccessorImpl.newInstance0(Native Method)\r\n\tat sun.reflect.NativeConstructorAccessorImpl.newInstance(NativeConstructorAccessorImpl.java:62)\r\n\tat sun.reflect.DelegatingConstructorAccessorImpl.newInstance(DelegatingConstructorAccessorImpl.java:45)\r\n\tat java.lang.reflect.Constructor.newInstance(Constructor.java:423)\r\n\tat org.openqa.selenium.remote.codec.w3c.W3CHttpResponseCodec.createException(W3CHttpResponseCodec.java:200)\r\n\tat org.openqa.selenium.remote.codec.w3c.W3CHttpResponseCodec.decode(W3CHttpResponseCodec.java:133)\r\n\tat org.openqa.selenium.remote.codec.w3c.W3CHttpResponseCodec.decode(W3CHttpResponseCodec.java:53)\r\n\tat org.openqa.selenium.remote.HttpCommandExecutor.execute(HttpCommandExecutor.java:184)\r\n\tat org.openqa.selenium.remote.service.DriverCommandExecutor.invokeExecute(DriverCommandExecutor.java:167)\r\n\tat org.openqa.selenium.remote.service.DriverCommandExecutor.execute(DriverCommandExecutor.java:142)\r\n\tat org.openqa.selenium.remote.RemoteWebDriver.execute(RemoteWebDriver.java:566)\r\n\tat org.openqa.selenium.remote.ElementLocation$ElementFinder$2.findElement(ElementLocation.java:162)\r\n\tat org.openqa.selenium.remote.ElementLocation.findElement(ElementLocation.java:60)\r\n\tat org.openqa.selenium.remote.RemoteWebDriver.findElement(RemoteWebDriver.java:384)\r\n\tat org.openqa.selenium.remote.RemoteWebDriver.findElement(RemoteWebDriver.java:376)\r\n\tat Company.Checkout.GoToCart(Checkout.java:68)\r\n\tat stepDefinitions.CreateOrderTest.user_got_to_shopping_cart(CreateOrderTest.java:13)\r\n\tat ✽.User Go to Shopping cart(file:///C:/Users/EES/Downloads/jdnd-ecommerce-app-master/untitled/src/main/resources/features/successfullOrder.feature:6)\r\n","duration":22212000000,"status":"failed"},"line":6,"name":"User Go to Shopping cart","match":{"location":"stepDefinitions.CreateOrderTest.user_got_to_shopping_cart()"},"keyword":"Given "},{"result":{"duration":1000000,"status":"skipped"},"line":7,"name":"user Complete Data to create order","match":{"location":"stepDefinitions.CreateOrderTest.user_complete_data_to_create_order()"},"keyword":"When "},{"result":{"duration":1000000,"status":"skipped"},"line":9,"name":"assert user created order successful","match":{"location":"stepDefinitions.CreateOrderTest.assert_user_created_order_successful()"},"keyword":"Then "}],"tags":[{"name":"@TEST"}]}],"name":"successfulOrder | Create successful Order","description":"","id":"successfulorder-|-create-successful-order","keyword":"Feature","uri":"file:src/main/resources/features/successfullOrder.feature","tags":[{"name":"@TEST","type":"Tag","location":{"line":1,"column":1}}]},{"line":2,"elements":[{"start_timestamp":"2022-06-23T17:05:03.494Z","line":4,"name":"switch between currencies","description":"","id":"switch-between-currencies-|--logged-user-could-switch-between-currencies-us-euro;switch-between-currencies","type":"scenario","keyword":"Scenario","steps":[{"result":{"duration":4000000,"status":"passed"},"line":5,"name":"home page1","match":{"location":"stepDefinitions.CurrenceTest.user_in_home_page()"},"keyword":"Given "},{"result":{"duration":136000000,"status":"passed"},"line":6,"name":"determine to Euro","match":{"location":"stepDefinitions.CurrenceTest.user_detierment_to_euro()"},"keyword":"When "},{"result":{"status":"passed"},"line":7,"name":"successfully2","match":{"location":"stepDefinitions.CurrenceTest.user_switch_between_currencies_us_euro_successfully()"},"keyword":"Then "}],"tags":[{"name":"@TEST"}]}],"name":"switch_between_currencies |  Logged User could switch between currencies US-Euro","description":"","id":"switch-between-currencies-|--logged-user-could-switch-between-currencies-us-euro","keyword":"Feature","uri":"file:src/main/resources/features/switch.feature","tags":[{"name":"@TEST","type":"Tag","location":{"line":1,"column":1}}]}]